TN:
SF:src\config\model.config.ts
FN:52,getSystemPrompt
FN:90,getUserPromptTemplate
FN:109,isOutOfScope
FN:111,(anonymous_3)
FNF:4
FNH:4
FNDA:1,getSystemPrompt
FNDA:1,getUserPromptTemplate
FNDA:3,isOutOfScope
FNDA:22,(anonymous_3)
DA:12,1
DA:52,1
DA:53,1
DA:90,1
DA:91,1
DA:109,1
DA:110,3
DA:111,3
DA:112,22
LF:9
LH:9
BRF:0
BRH:0
end_of_record
TN:
SF:src\services\query-logger.service.ts
FN:23,(anonymous_1)
FN:31,(anonymous_2)
FN:42,(anonymous_3)
FN:56,(anonymous_4)
FN:79,(anonymous_5)
FN:103,(anonymous_6)
FN:110,(anonymous_7)
FNF:7
FNH:7
FNDA:5,(anonymous_1)
FNDA:5,(anonymous_2)
FNDA:1,(anonymous_3)
FNDA:3,(anonymous_4)
FNDA:4,(anonymous_5)
FNDA:3,(anonymous_6)
FNDA:5,(anonymous_7)
DA:1,1
DA:2,1
DA:20,1
DA:24,5
DA:25,5
DA:32,5
DA:33,5
DA:35,0
DA:43,1
DA:50,1
DA:63,3
DA:73,3
DA:80,4
DA:81,4
DA:82,4
DA:85,4
DA:86,4
DA:87,4
DA:88,4
DA:90,0
DA:93,4
DA:94,4
DA:96,0
DA:104,3
DA:111,5
DA:112,5
DA:113,5
DA:114,5
DA:115,4
DA:117,1
LF:30
LH:27
BRDA:24,0,0,5
BRDA:24,0,1,5
BRDA:112,1,0,5
BRDA:112,1,1,4
BRF:4
BRH:4
end_of_record
